[debug] [2024-03-01T20:28:10.749Z] ----------------------------------------------------------------------
[debug] [2024-03-01T20:28:10.753Z] Command:       C:\Program Files\nodejs\node.exe C:\Users\Maeth\AppData\Roaming\npm\node_modules\firebase-tools\lib\bin\firebase.js init
[debug] [2024-03-01T20:28:10.753Z] CLI Version:   13.4.0
[debug] [2024-03-01T20:28:10.754Z] Platform:      win32
[debug] [2024-03-01T20:28:10.754Z] Node Version:  v18.16.0
[debug] [2024-03-01T20:28:10.755Z] Time:          Sat Mar 02 2024 03:28:10 GMT+0700 (เวลาอินโดจีน)
[debug] [2024-03-01T20:28:10.756Z] ----------------------------------------------------------------------
[debug] 
[debug] [2024-03-01T20:28:10.766Z] > command requires scopes: ["email","openid","https://www.googleapis.com/auth/cloudplatformprojects.readonly","https://www.googleapis.com/auth/firebase","https://www.googleapis.com/auth/cloud-platform"]
[debug] [2024-03-01T20:28:10.767Z] > authorizing via signed-in user (maethassaeyo@gmail.com)
[info] 
     ######## #### ########  ######## ########     ###     ######  ########
     ##        ##  ##     ## ##       ##     ##  ##   ##  ##       ##
     ######    ##  ########  ######   ########  #########  ######  ######
     ##        ##  ##    ##  ##       ##     ## ##     ##       ## ##
     ##       #### ##     ## ######## ########  ##     ##  ######  ########

You're about to initialize a Firebase project in this directory:

  D:\2024\Single_Tongle_button

[info] 
=== Project Setup
[info] 
[info] First, let's associate this project directory with a Firebase project.
[info] You can create multiple project aliases by running firebase use --add, 
[info] but for now we'll just set up a default project.
[info] 
[debug] [2024-03-01T20:28:55.769Z] >>> [apiv2][query] GET https://firebase.googleapis.com/v1beta1/projects pageSize=100
[debug] [2024-03-01T20:28:56.805Z] <<< [apiv2][status] GET https://firebase.googleapis.com/v1beta1/projects 200
[debug] [2024-03-01T20:28:56.805Z] <<< [apiv2][body] GET https://firebase.googleapis.com/v1beta1/projects [omitted]
[info] i  Using project esp32-car-74da4 (esp32-car) 
[info] 
=== Hosting Setup
[debug] [2024-03-01T20:29:00.596Z] >>> [apiv2][query] GET https://firebase.googleapis.com/v1beta1/projects/esp32-car-74da4 [none]
[debug] [2024-03-01T20:29:01.318Z] <<< [apiv2][status] GET https://firebase.googleapis.com/v1beta1/projects/esp32-car-74da4 200
[debug] [2024-03-01T20:29:01.319Z] <<< [apiv2][body] GET https://firebase.googleapis.com/v1beta1/projects/esp32-car-74da4 {"projectId":"esp32-car-74da4","projectNumber":"961492586834","displayName":"esp32-car","name":"projects/esp32-car-74da4","resources":{"hostingSite":"esp32-car-74da4","realtimeDatabaseInstance":"esp32-car-74da4-default-rtdb"},"state":"ACTIVE","etag":"1_c723c3bb-c3f9-46bd-8397-34f00f3cfe1c"}
[info] 
[info] Your public directory is the folder (relative to your project directory) that
[info] will contain Hosting assets to be uploaded with firebase deploy. If you
[info] have a build process for your assets, use your build's output directory.
[info] 
[debug] [2024-03-01T20:29:14.994Z] >>> [apiv2][query] GET https://www.gstatic.com/firebasejs/releases.json [none]
[debug] [2024-03-01T20:29:15.248Z] <<< [apiv2][status] GET https://www.gstatic.com/firebasejs/releases.json 200
[debug] [2024-03-01T20:29:15.249Z] <<< [apiv2][body] GET https://www.gstatic.com/firebasejs/releases.json {"current":{"version":"10.8.1","browserURL":"https://www.gstatic.com/firebasejs/10.8.1/firebase.js","packageURL":"https://www.gstatic.com/firebasejs/10.8.1/firebase.tgz"},"live":{"version":"10.8","browserURL":"https://www.gstatic.com/firebasejs/live/10.8/firebase.js","packageURL":"https://www.gstatic.com/firebasejs/live/10.8/firebase.tgz"},"components":{"analytics":"https://www.gstatic.com/firebasejs/10.8.1/firebase-analytics.js","app":"https://www.gstatic.com/firebasejs/10.8.1/firebase-app.js","app-check":"https://www.gstatic.com/firebasejs/10.8.1/firebase-app-check.js","auth":"https://www.gstatic.com/firebasejs/10.8.1/firebase-auth.js","auth/cordova":"https://www.gstatic.com/firebasejs/10.8.1/firebase-auth/cordova.js","auth/web-extension":"https://www.gstatic.com/firebasejs/10.8.1/firebase-auth/web-extension.js","functions":"https://www.gstatic.com/firebasejs/10.8.1/firebase-functions.js","firestore":"https://www.gstatic.com/firebasejs/10.8.1/firebase-firestore.js","firestore/lite":"https://www.gstatic.com/firebasejs/10.8.1/firebase-firestore/lite.js","installations":"https://www.gstatic.com/firebasejs/10.8.1/firebase-installations.js","storage":"https://www.gstatic.com/firebasejs/10.8.1/firebase-storage.js","performance":"https://www.gstatic.com/firebasejs/10.8.1/firebase-performance.js","remote-config":"https://www.gstatic.com/firebasejs/10.8.1/firebase-remote-config.js","messaging":"https://www.gstatic.com/firebasejs/10.8.1/firebase-messaging.js","messaging/sw":"https://www.gstatic.com/firebasejs/10.8.1/firebase-messaging/sw.js","database":"https://www.gstatic.com/firebasejs/10.8.1/firebase-database.js","firestore.memory":"https://www.gstatic.com/firebasejs/10.8.1/firebase-firestore.memory.js"}}
[info] +  Wrote public/index.html 
[info] 
[info] i  Didn't detect a .git folder. Assuming D:\2024\Single_Tongle_button is the project root. 
[info] i  Authorizing with GitHub to upload your service account to a GitHub repository's secrets store. 
[info] 
[info] Visit this URL on this device to log in:
[info] https://github.com/login/oauth/authorize?client_id=89cf50f02ac6aaed3484&state=982742393&redirect_uri=http%3A%2F%2Flocalhost%3A9005&scope=read%3Auser%20repo%20public_repo
[info] 
[info] Waiting for authentication...
[debug] [2024-03-01T20:29:49.834Z] >>> [apiv2][query] POST https://github.com/login/oauth/access_token [none]
[debug] [2024-03-01T20:29:49.835Z] >>> [apiv2][body] POST https://github.com/login/oauth/access_token [stream]
[debug] [2024-03-01T20:29:50.427Z] <<< [apiv2][status] POST https://github.com/login/oauth/access_token 200
[debug] [2024-03-01T20:29:50.427Z] <<< [apiv2][body] POST https://github.com/login/oauth/access_token {"access_token":"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","token_type":"bearer","scope":"read:user,repo"}
[debug] [2024-03-01T20:29:50.455Z] >>> [apiv2][query] GET https://api.github.com/user [none]
[debug] [2024-03-01T20:29:51.066Z] <<< [apiv2][status] GET https://api.github.com/user 200
[debug] [2024-03-01T20:29:51.066Z] <<< [apiv2][body] GET https://api.github.com/user {"login":"MaethasSaeyo","id":130046454,"node_id":"U_kgDOB8BZ9g","avatar_url":"https://avatars.githubusercontent.com/u/130046454?v=4","gravatar_id":"","url":"https://api.github.com/users/MaethasSaeyo","html_url":"https://github.com/MaethasSaeyo","followers_url":"https://api.github.com/users/MaethasSaeyo/followers","following_url":"https://api.github.com/users/MaethasSaeyo/following{/other_user}","gists_url":"https://api.github.com/users/MaethasSaeyo/gists{/gist_id}","starred_url":"https://api.github.com/users/MaethasSaeyo/starred{/owner}{/repo}","subscriptions_url":"https://api.github.com/users/MaethasSaeyo/subscriptions","organizations_url":"https://api.github.com/users/MaethasSaeyo/orgs","repos_url":"https://api.github.com/users/MaethasSaeyo/repos","events_url":"https://api.github.com/users/MaethasSaeyo/events{/privacy}","received_events_url":"https://api.github.com/users/MaethasSaeyo/received_events","type":"User","site_admin":false,"name":null,"company":null,"blog":"","location":null,"email":null,"hireable":null,"bio":null,"twitter_username":null,"public_repos":9,"public_gists":0,"followers":0,"following":0,"created_at":"2023-04-06T09:09:53Z","updated_at":"2024-03-01T20:07:48Z","private_gists":0,"total_private_repos":4,"owned_private_repos":4,"disk_usage":61845,"collaborators":0,"two_factor_authentication":false,"plan":{"name":"free","space":976562499,"collaborators":0,"private_repos":10000}}
[info] 
[info] +  Success! Logged into GitHub as MaethasSaeyo 
[info] 
[debug] [2024-03-01T20:30:46.053Z] >>> [apiv2][query] GET https://api.github.com/repos/ั/actions/secrets/public-key type=owner
[debug] [2024-03-01T20:30:46.597Z] <<< [apiv2][status] GET https://api.github.com/repos/ั/actions/secrets/public-key 404
[debug] [2024-03-01T20:30:46.597Z] <<< [apiv2][body] GET https://api.github.com/repos/ั/actions/secrets/public-key {"message":"Not Found","documentation_url":"https://docs.github.com/rest"}
[info] 
[info] 
[error] !  The provided authorization cannot be used with this repository. If this repository is in an organization, did you remember to grant access? 
[info] 
[info] i  Action required: Visit this URL to ensure access has been granted to the appropriate organization(s) for the Firebase CLI GitHub OAuth App: 
[info] https://github.com/settings/connections/applications/89cf50f02ac6aaed3484
[info] 
[debug] [2024-03-01T20:36:21.995Z] >>> [apiv2][query] GET https://api.github.com/repos/user/actions/secrets/public-key type=owner
[debug] [2024-03-01T20:36:22.601Z] <<< [apiv2][status] GET https://api.github.com/repos/user/actions/secrets/public-key 404
[debug] [2024-03-01T20:36:22.601Z] <<< [apiv2][body] GET https://api.github.com/repos/user/actions/secrets/public-key {"message":"Not Found","documentation_url":"https://docs.github.com/rest"}
[info] 
[info] 
[error] !  The provided authorization cannot be used with this repository. If this repository is in an organization, did you remember to grant access? 
[info] 
[info] i  Action required: Visit this URL to ensure access has been granted to the appropriate organization(s) for the Firebase CLI GitHub OAuth App: 
[info] https://github.com/settings/connections/applications/89cf50f02ac6aaed3484
[info] 
[debug] [2024-03-01T20:36:27.026Z] >>> [apiv2][query] GET https://api.github.com/repos/user/actions/secrets/public-key type=owner
[debug] [2024-03-01T20:36:27.518Z] <<< [apiv2][status] GET https://api.github.com/repos/user/actions/secrets/public-key 404
[debug] [2024-03-01T20:36:27.518Z] <<< [apiv2][body] GET https://api.github.com/repos/user/actions/secrets/public-key {"message":"Not Found","documentation_url":"https://docs.github.com/rest"}
[info] 
[info] 
[error] !  The provided authorization cannot be used with this repository. If this repository is in an organization, did you remember to grant access? 
[info] 
[info] i  Action required: Visit this URL to ensure access has been granted to the appropriate organization(s) for the Firebase CLI GitHub OAuth App: 
[info] https://github.com/settings/connections/applications/89cf50f02ac6aaed3484
[info] 
[debug] [2024-03-01T20:36:28.225Z] >>> [apiv2][query] GET https://api.github.com/repos/user/actions/secrets/public-key type=owner
[debug] [2024-03-01T20:36:28.750Z] <<< [apiv2][status] GET https://api.github.com/repos/user/actions/secrets/public-key 404
[debug] [2024-03-01T20:36:28.751Z] <<< [apiv2][body] GET https://api.github.com/repos/user/actions/secrets/public-key {"message":"Not Found","documentation_url":"https://docs.github.com/rest"}
[info] 
[info] 
[error] !  The provided authorization cannot be used with this repository. If this repository is in an organization, did you remember to grant access? 
[info] 
[info] i  Action required: Visit this URL to ensure access has been granted to the appropriate organization(s) for the Firebase CLI GitHub OAuth App: 
[info] https://github.com/settings/connections/applications/89cf50f02ac6aaed3484
[info] 
[debug] [2024-03-01T20:36:29.155Z] >>> [apiv2][query] GET https://api.github.com/repos/user/actions/secrets/public-key type=owner
[debug] [2024-03-01T20:36:29.678Z] <<< [apiv2][status] GET https://api.github.com/repos/user/actions/secrets/public-key 404
[debug] [2024-03-01T20:36:29.678Z] <<< [apiv2][body] GET https://api.github.com/repos/user/actions/secrets/public-key {"message":"Not Found","documentation_url":"https://docs.github.com/rest"}
[info] 
[info] 
[error] !  The provided authorization cannot be used with this repository. If this repository is in an organization, did you remember to grant access? 
[info] 
[info] i  Action required: Visit this URL to ensure access has been granted to the appropriate organization(s) for the Firebase CLI GitHub OAuth App: 
[info] https://github.com/settings/connections/applications/89cf50f02ac6aaed3484
[info] 
[debug] [2024-03-01T20:36:30.070Z] >>> [apiv2][query] GET https://api.github.com/repos/user/actions/secrets/public-key type=owner
[debug] [2024-03-01T20:36:30.591Z] <<< [apiv2][status] GET https://api.github.com/repos/user/actions/secrets/public-key 404
[debug] [2024-03-01T20:36:30.591Z] <<< [apiv2][body] GET https://api.github.com/repos/user/actions/secrets/public-key {"message":"Not Found","documentation_url":"https://docs.github.com/rest"}
[info] 
[info] 
[error] !  The provided authorization cannot be used with this repository. If this repository is in an organization, did you remember to grant access? 
[info] 
[info] i  Action required: Visit this URL to ensure access has been granted to the appropriate organization(s) for the Firebase CLI GitHub OAuth App: 
[info] https://github.com/settings/connections/applications/89cf50f02ac6aaed3484
[info] 
[debug] [2024-03-01T20:37:07.667Z] >>> [apiv2][query] GET https://api.github.com/repos/format: user/actions/secrets/public-key type=owner
[debug] [2024-03-01T20:37:08.193Z] <<< [apiv2][status] GET https://api.github.com/repos/format: user/actions/secrets/public-key 404
[debug] [2024-03-01T20:37:08.193Z] <<< [apiv2][body] GET https://api.github.com/repos/format: user/actions/secrets/public-key {"message":"Not Found","documentation_url":"https://docs.github.com/rest"}
[info] 
[info] 
[error] !  The provided authorization cannot be used with this repository. If this repository is in an organization, did you remember to grant access? 
[info] 
[info] i  Action required: Visit this URL to ensure access has been granted to the appropriate organization(s) for the Firebase CLI GitHub OAuth App: 
[info] https://github.com/settings/connections/applications/89cf50f02ac6aaed3484
[info] 
[debug] [2024-03-01T20:37:15.523Z] >>> [apiv2][query] GET https://api.github.com/repos/format:user/actions/secrets/public-key type=owner
[debug] [2024-03-01T20:37:16.045Z] <<< [apiv2][status] GET https://api.github.com/repos/format:user/actions/secrets/public-key 404
[debug] [2024-03-01T20:37:16.045Z] <<< [apiv2][body] GET https://api.github.com/repos/format:user/actions/secrets/public-key {"message":"Not Found","documentation_url":"https://docs.github.com/rest"}
[info] 
[info] 
[error] !  The provided authorization cannot be used with this repository. If this repository is in an organization, did you remember to grant access? 
[info] 
[info] i  Action required: Visit this URL to ensure access has been granted to the appropriate organization(s) for the Firebase CLI GitHub OAuth App: 
[info] https://github.com/settings/connections/applications/89cf50f02ac6aaed3484
[info] 
[debug] [2024-03-01T20:37:37.755Z] >>> [apiv2][query] GET https://api.github.com/repos/s/actions/secrets/public-key type=owner
[debug] [2024-03-01T20:37:38.263Z] <<< [apiv2][status] GET https://api.github.com/repos/s/actions/secrets/public-key 404
[debug] [2024-03-01T20:37:38.263Z] <<< [apiv2][body] GET https://api.github.com/repos/s/actions/secrets/public-key {"message":"Not Found","documentation_url":"https://docs.github.com/rest"}
[info] 
[info] 
[error] !  The provided authorization cannot be used with this repository. If this repository is in an organization, did you remember to grant access? 
[info] 
[info] i  Action required: Visit this URL to ensure access has been granted to the appropriate organization(s) for the Firebase CLI GitHub OAuth App: 
[info] https://github.com/settings/connections/applications/89cf50f02ac6aaed3484
[info] 
[debug] [2024-03-01T20:37:39.277Z] >>> [apiv2][query] GET https://api.github.com/repos/s/actions/secrets/public-key type=owner
[debug] [2024-03-01T20:37:39.778Z] <<< [apiv2][status] GET https://api.github.com/repos/s/actions/secrets/public-key 404
[debug] [2024-03-01T20:37:39.778Z] <<< [apiv2][body] GET https://api.github.com/repos/s/actions/secrets/public-key {"message":"Not Found","documentation_url":"https://docs.github.com/rest"}
[info] 
[info] 
[error] !  The provided authorization cannot be used with this repository. If this repository is in an organization, did you remember to grant access? 
[info] 
[info] i  Action required: Visit this URL to ensure access has been granted to the appropriate organization(s) for the Firebase CLI GitHub OAuth App: 
[info] https://github.com/settings/connections/applications/89cf50f02ac6aaed3484
[info] 
[debug] [2024-03-01T20:50:01.043Z] >>> [apiv2][query] GET https://api.github.com/repos/Github//actions/secrets/public-key type=owner
[debug] [2024-03-01T20:50:01.585Z] <<< [apiv2][status] GET https://api.github.com/repos/Github//actions/secrets/public-key 404
[debug] [2024-03-01T20:50:01.585Z] <<< [apiv2][body] GET https://api.github.com/repos/Github//actions/secrets/public-key {"message":"Not Found","documentation_url":"https://docs.github.com/rest"}
[info] 
[info] 
[error] !  The provided authorization cannot be used with this repository. If this repository is in an organization, did you remember to grant access? 
[info] 
[info] i  Action required: Visit this URL to ensure access has been granted to the appropriate organization(s) for the Firebase CLI GitHub OAuth App: 
[info] https://github.com/settings/connections/applications/89cf50f02ac6aaed3484
[info] 
[debug] [2024-03-01T20:50:04.125Z] >>> [apiv2][query] GET https://api.github.com/repos/Github//actions/secrets/public-key type=owner
[debug] [2024-03-01T20:50:04.637Z] <<< [apiv2][status] GET https://api.github.com/repos/Github//actions/secrets/public-key 404
[debug] [2024-03-01T20:50:04.637Z] <<< [apiv2][body] GET https://api.github.com/repos/Github//actions/secrets/public-key {"message":"Not Found","documentation_url":"https://docs.github.com/rest"}
[info] 
[info] 
[error] !  The provided authorization cannot be used with this repository. If this repository is in an organization, did you remember to grant access? 
[info] 
[info] i  Action required: Visit this URL to ensure access has been granted to the appropriate organization(s) for the Firebase CLI GitHub OAuth App: 
[info] https://github.com/settings/connections/applications/89cf50f02ac6aaed3484
[info] 
[debug] [2024-03-01T20:51:34.674Z] >>> [apiv2][query] GET https://api.github.com/repos/Github/https://github.com?MaethasSaeyo/esp32car.giit/actions/secrets/public-key type=owner
[debug] [2024-03-01T20:51:35.207Z] <<< [apiv2][status] GET https://api.github.com/repos/Github/https://github.com?MaethasSaeyo/esp32car.giit/actions/secrets/public-key 404
[debug] [2024-03-01T20:51:35.207Z] <<< [apiv2][body] GET https://api.github.com/repos/Github/https://github.com?MaethasSaeyo/esp32car.giit/actions/secrets/public-key {"message":"Not Found","documentation_url":"https://docs.github.com/rest"}
[info] 
[info] 
[error] !  The provided authorization cannot be used with this repository. If this repository is in an organization, did you remember to grant access? 
[info] 
[info] i  Action required: Visit this URL to ensure access has been granted to the appropriate organization(s) for the Firebase CLI GitHub OAuth App: 
[info] https://github.com/settings/connections/applications/89cf50f02ac6aaed3484
[info] 
[debug] [2024-03-01T20:51:39.218Z] >>> [apiv2][query] GET https://api.github.com/repos/Github/https://github.com?MaethasSaeyo/esp32car.git/actions/secrets/public-key type=owner
[debug] [2024-03-01T20:51:39.720Z] <<< [apiv2][status] GET https://api.github.com/repos/Github/https://github.com?MaethasSaeyo/esp32car.git/actions/secrets/public-key 404
[debug] [2024-03-01T20:51:39.720Z] <<< [apiv2][body] GET https://api.github.com/repos/Github/https://github.com?MaethasSaeyo/esp32car.git/actions/secrets/public-key {"message":"Not Found","documentation_url":"https://docs.github.com/rest"}
[info] 
[info] 
[error] !  The provided authorization cannot be used with this repository. If this repository is in an organization, did you remember to grant access? 
[info] 
[info] i  Action required: Visit this URL to ensure access has been granted to the appropriate organization(s) for the Firebase CLI GitHub OAuth App: 
[info] https://github.com/settings/connections/applications/89cf50f02ac6aaed3484
[info] 
[debug] [2024-03-01T20:51:42.209Z] >>> [apiv2][query] GET https://api.github.com/repos/Github/https://github.com?MaethasSaeyo/esp32car.git/actions/secrets/public-key type=owner
[debug] [2024-03-01T20:51:42.725Z] <<< [apiv2][status] GET https://api.github.com/repos/Github/https://github.com?MaethasSaeyo/esp32car.git/actions/secrets/public-key 404
[debug] [2024-03-01T20:51:42.725Z] <<< [apiv2][body] GET https://api.github.com/repos/Github/https://github.com?MaethasSaeyo/esp32car.git/actions/secrets/public-key {"message":"Not Found","documentation_url":"https://docs.github.com/rest"}
[info] 
[info] 
[error] !  The provided authorization cannot be used with this repository. If this repository is in an organization, did you remember to grant access? 
[info] 
[info] i  Action required: Visit this URL to ensure access has been granted to the appropriate organization(s) for the Firebase CLI GitHub OAuth App: 
[info] https://github.com/settings/connections/applications/89cf50f02ac6aaed3484
[info] 
